<?xml version="1.0" encoding="UTF-8"?>
<testsuite name="is.ru.StringCalc.StringCalcTests" tests="13" skipped="0" failures="0" errors="0" timestamp="2017-10-15T15:52:43" hostname="niceCroissant" time="0.006">
  <properties/>
  <testcase name="testBigNumberAlone" classname="is.ru.StringCalc.StringCalcTests" time="0.001"/>
  <testcase name="testDelimSemicolon" classname="is.ru.StringCalc.StringCalcTests" time="0.001"/>
  <testcase name="testMany" classname="is.ru.StringCalc.StringCalcTests" time="0.0"/>
  <testcase name="testNegative1" classname="is.ru.StringCalc.StringCalcTests" time="0.001"/>
  <testcase name="testnewline" classname="is.ru.StringCalc.StringCalcTests" time="0.0"/>
  <testcase name="testDelimAFew" classname="is.ru.StringCalc.StringCalcTests" time="0.001"/>
  <testcase name="testEmptyString" classname="is.ru.StringCalc.StringCalcTests" time="0.0"/>
  <testcase name="testSumOfCommaSeparated" classname="is.ru.StringCalc.StringCalcTests" time="0.0"/>
  <testcase name="testNegativemany" classname="is.ru.StringCalc.StringCalcTests" time="0.0"/>
  <testcase name="testBigNumber" classname="is.ru.StringCalc.StringCalcTests" time="0.0"/>
  <testcase name="testnewlinecomma" classname="is.ru.StringCalc.StringCalcTests" time="0.001"/>
  <testcase name="testThreeNumbers" classname="is.ru.StringCalc.StringCalcTests" time="0.0"/>
  <testcase name="testOneNumber" classname="is.ru.StringCalc.StringCalcTests" time="0.0"/>
  <system-out><![CDATA[]]></system-out>
  <system-err><![CDATA[]]></system-err>
</testsuite>
