<?xml version="1.0" encoding="UTF-8"?>
<testsuite name="is.ru.StringCalc.StringCalcTests" tests="5" skipped="0" failures="0" errors="0" timestamp="2017-10-14T19:32:51" hostname="niceCroissant" time="0.002">
  <properties/>
  <testcase name="testMany" classname="is.ru.StringCalc.StringCalcTests" time="0.001"/>
  <testcase name="testEmptyString" classname="is.ru.StringCalc.StringCalcTests" time="0.0"/>
  <testcase name="testSumOfCommaSeparated" classname="is.ru.StringCalc.StringCalcTests" time="0.001"/>
  <testcase name="testThreeNumbers" classname="is.ru.StringCalc.StringCalcTests" time="0.0"/>
  <testcase name="testOneNumber" classname="is.ru.StringCalc.StringCalcTests" time="0.0"/>
  <system-out><![CDATA[]]></system-out>
  <system-err><![CDATA[]]></system-err>
</testsuite>
