<?xml version="1.0" encoding="UTF-8"?>
<testsuite name="is.ru.StringCalc.StringCalcTests" tests="1" skipped="0" failures="0" errors="0" timestamp="2017-10-14T18:32:23" hostname="niceCroissant" time="0.001">
  <properties/>
  <testcase name="testEmptyString" classname="is.ru.StringCalc.StringCalcTests" time="0.001"/>
  <system-out><![CDATA[]]></system-out>
  <system-err><![CDATA[]]></system-err>
</testsuite>
